# JRE version: OpenJDK Runtime Environment 18.9 (11.0.9+11) (build 11.0.9+11)
# Java VM: OpenJDK 64-Bit Server VM 18.9 (11.0.9+11, mixed mode, sharing, tiered, compressed oops, g1 gc, linux-amd64)
Heap:
 garbage-first heap   total 314368K, used 255411K [0x00000000e0000000, 0x0000000100000000)
  region size 1024K, 136 young (139264K), 17 survivors (17408K)
 Metaspace       used 65982K, capacity 68335K, committed 69760K, reserved 315392K
  class space    used 8154K, capacity 9014K, committed 9344K, reserved 253952K
GC Heap History (20 events):
Event: 413.611 GC heap after
{Heap after GC invocations=108 (full 0):
 garbage-first heap   total 314368K, used 137822K [0x00000000e0000000, 0x0000000100000000)
  region size 1024K, 12 young (12288K), 12 survivors (12288K)
 Metaspace       used 65791K, capacity 68152K, committed 69760K, reserved 315392K
  class space    used 8137K, capacity 8983K, committed 9344K, reserved 253952K
}
Event: 416.894 GC heap before
{Heap before GC invocations=108 (full 0):
 garbage-first heap   total 314368K, used 254558K [0x00000000e0000000, 0x0000000100000000)
  region size 1024K, 127 young (130048K), 12 survivors (12288K)
 Metaspace       used 65944K, capacity 68329K, committed 69760K, reserved 315392K
  class space    used 8153K, capacity 9013K, committed 9344K, reserved 253952K
}
Event: 416.984 GC heap after
{Heap after GC invocations=109 (full 0):
 garbage-first heap   total 314368K, used 150400K [0x00000000e0000000, 0x0000000100000000)
  region size 1024K, 16 young (16384K), 16 survivors (16384K)
 Metaspace       used 65944K, capacity 68329K, committed 69760K, reserved 315392K
  class space    used 8153K, capacity 9013K, committed 9344K, reserved 253952K
}
Event: 417.410 GC heap before
{Heap before GC invocations=109 (full 0):
 garbage-first heap   total 314368K, used 256896K [0x00000000e0000000, 0x0000000100000000)
  region size 1024K, 121 young (123904K), 16 survivors (16384K)
 Metaspace       used 65954K, capacity 68329K, committed 69760K, reserved 315392K
  class space    used 8153K, capacity 9013K, committed 9344K, reserved 253952K
}
Event: 417.443 GC heap after
{Heap after GC invocations=110 (full 0):
 garbage-first heap   total 314368K, used 164367K [0x00000000e0000000, 0x0000000100000000)
  region size 1024K, 14 young (14336K), 14 survivors (14336K)
 Metaspace       used 65954K, capacity 68329K, committed 69760K, reserved 315392K
  class space    used 8153K, capacity 9013K, committed 9344K, reserved 253952K
}
Event: 417.650 GC heap before
{Heap before GC invocations=110 (full 0):
 garbage-first heap   total 314368K, used 258575K [0x00000000e0000000, 0x0000000100000000)
  region size 1024K, 106 young (108544K), 14 survivors (14336K)
 Metaspace       used 65954K, capacity 68329K, committed 69760K, reserved 315392K
  class space    used 8153K, capacity 9013K, committed 9344K, reserved 253952K
}
Event: 417.685 GC heap after
{Heap after GC invocations=111 (full 0):
 garbage-first heap   total 314368K, used 165064K [0x00000000e0000000, 0x0000000100000000)
  region size 1024K, 6 young (6144K), 6 survivors (6144K)
 Metaspace       used 65954K, capacity 68329K, committed 69760K, reserved 315392K
  class space    used 8153K, capacity 9013K, committed 9344K, reserved 253952K
}
Event: 418.033 GC heap before
{Heap before GC invocations=111 (full 0):
 garbage-first heap   total 314368K, used 228552K [0x00000000e0000000, 0x0000000100000000)
  region size 1024K, 99 young (101376K), 6 survivors (6144K)
 Metaspace       used 65958K, capacity 68329K, committed 69760K, reserved 315392K
  class space    used 8153K, capacity 9013K, committed 9344K, reserved 253952K
}
Event: 418.066 GC heap after
{Heap after GC invocations=112 (full 0):
 garbage-first heap   total 314368K, used 140317K [0x00000000e0000000, 0x0000000100000000)
  region size 1024K, 12 young (12288K), 12 survivors (12288K)
 Metaspace       used 65958K, capacity 68329K, committed 69760K, reserved 315392K
  class space    used 8153K, capacity 9013K, committed 9344K, reserved 253952K
}
Event: 418.626 GC heap before
{Heap before GC invocations=113 (full 0):
 garbage-first heap   total 314368K, used 248861K [0x00000000e0000000, 0x0000000100000000)
  region size 1024K, 118 young (120832K), 12 survivors (12288K)
 Metaspace       used 65959K, capacity 68329K, committed 69760K, reserved 315392K
  class space    used 8153K, capacity 9013K, committed 9344K, reserved 253952K
}
Event: 418.657 GC heap after
{Heap after GC invocations=114 (full 0):
 garbage-first heap   total 314368K, used 146617K [0x00000000e0000000, 0x0000000100000000)
  region size 1024K, 7 young (7168K), 7 survivors (7168K)
 Metaspace       used 65959K, capacity 68329K, committed 69760K, reserved 315392K
  class space    used 8153K, capacity 9013K, committed 9344K, reserved 253952K
}
Event: 418.683 GC heap before
{Heap before GC invocations=114 (full 0):
 garbage-first heap   total 314368K, used 154809K [0x00000000e0000000, 0x0000000100000000)
  region size 1024K, 15 young (15360K), 7 survivors (7168K)
 Metaspace       used 65959K, capacity 68329K, committed 69760K, reserved 315392K
  class space    used 8153K, capacity 9013K, committed 9344K, reserved 253952K
}
Event: 418.711 GC heap after
{Heap after GC invocations=115 (full 0):
 garbage-first heap   total 314368K, used 121498K [0x00000000e0000000, 0x0000000100000000)
  region size 1024K, 2 young (2048K), 2 survivors (2048K)
 Metaspace       used 65959K, capacity 68329K, committed 69760K, reserved 315392K
  class space    used 8153K, capacity 9013K, committed 9344K, reserved 253952K
}
Event: 418.844 GC heap before
{Heap before GC invocations=115 (full 0):
 garbage-first heap   total 314368K, used 243354K [0x00000000e0000000, 0x0000000100000000)
  region size 1024K, 121 young (123904K), 2 survivors (2048K)
 Metaspace       used 65959K, capacity 68329K, committed 69760K, reserved 315392K
  class space    used 8153K, capacity 9013K, committed 9344K, reserved 253952K
}
Event: 418.855 GC heap after
{Heap after GC invocations=116 (full 0):
 garbage-first heap   total 314368K, used 124741K [0x00000000e0000000, 0x0000000100000000)
  region size 1024K, 6 young (6144K), 6 survivors (6144K)
 Metaspace       used 65959K, capacity 68329K, committed 69760K, reserved 315392K
  class space    used 8153K, capacity 9013K, committed 9344K, reserved 253952K
}
Event: 419.047 GC heap before
{Heap before GC invocations=116 (full 0):
 garbage-first heap   total 314368K, used 246597K [0x00000000e0000000, 0x0000000100000000)
  region size 1024K, 125 young (128000K), 6 survivors (6144K)
 Metaspace       used 65959K, capacity 68329K, committed 69760K, reserved 315392K
  class space    used 8153K, capacity 9013K, committed 9344K, reserved 253952K
}
Event: 419.056 GC heap after
{Heap after GC invocations=117 (full 0):
 garbage-first heap   total 314368K, used 129373K [0x00000000e0000000, 0x0000000100000000)
  region size 1024K, 10 young (10240K), 10 survivors (10240K)
 Metaspace       used 65959K, capacity 68329K, committed 69760K, reserved 315392K
  class space    used 8153K, capacity 9013K, committed 9344K, reserved 253952K
}
Event: 419.183 GC heap before
{Heap before GC invocations=117 (full 0):
 garbage-first heap   total 314368K, used 251229K [0x00000000e0000000, 0x0000000100000000)
  region size 1024K, 129 young (132096K), 10 survivors (10240K)
 Metaspace       used 65959K, capacity 68329K, committed 69760K, reserved 315392K
  class space    used 8153K, capacity 9013K, committed 9344K, reserved 253952K
}
Event: 419.197 GC heap after
{Heap after GC invocations=118 (full 0):
 garbage-first heap   total 314368K, used 133555K [0x00000000e0000000, 0x0000000100000000)
  region size 1024K, 13 young (13312K), 13 survivors (13312K)
 Metaspace       used 65959K, capacity 68329K, committed 69760K, reserved 315392K
  class space    used 8153K, capacity 9013K, committed 9344K, reserved 253952K
}
Event: 419.339 GC heap before
{Heap before GC invocations=118 (full 0):
 garbage-first heap   total 314368K, used 254387K [0x00000000e0000000, 0x0000000100000000)
  region size 1024K, 132 young (135168K), 13 survivors (13312K)
 Metaspace       used 65982K, capacity 68335K, committed 69760K, reserved 315392K
  class space    used 8154K, capacity 9014K, committed 9344K, reserved 253952K
}

